<?xml version="1.0" encoding="UTF-8"?>
<!-- Generated by org.testng.reporters.JUnitReportReporter -->
<testsuite hostname="SDN-210" failures="0" tests="1" name="com.smartData.TestCases.DemoTC" time="17.741" errors="0" timestamp="2024-02-14T15:00:59 IST" skipped="0">
  <testcase classname="com.smartData.TestCases.DemoTC" name="demo" time="17.741"/>
</testsuite> <!-- com.smartData.TestCases.DemoTC -->
